<AllenMStickSpec>
  <mAxis>
    <nComponent>2</nComponent>
    <nEndPt>2</nEndPt>
    <nJuncPt>1</nJuncPt>
    <finalRotation>
      <double>0.0</double>
      <double>0.0</double>
      <double>0.0</double>
    </finalRotation>
    <finalShiftInDepth>
      <double>0.0</double>
      <double>0.0</double>
      <double>0.0</double>
    </finalShiftInDepth>
    <EndPt>
      <null/>
      <EndPtInfo>
        <comp>1</comp>
        <uNdx>1</uNdx>
        <pos>
          <x>-1.044284956689995</x>
          <y>0.38965996599398167</y>
          <z>-0.6914506793332458</z>
        </pos>
        <tangent>
          <x>0.7874954370745346</x>
          <y>-0.32420593012472904</y>
          <z>0.52415784975401</z>
        </tangent>
        <rad>0.19651982766533105</rad>
      </EndPtInfo>
      <EndPtInfo>
        <comp>2</comp>
        <uNdx>51</uNdx>
        <pos>
          <x>2.462799270032985</x>
          <y>2.941976486458291</y>
          <z>0.6805226815329746</z>
        </pos>
        <tangent>
          <x>0.4813038568286529</x>
          <y>-0.6661057015108715</y>
          <z>-0.5697804768650594</z>
        </tangent>
        <rad>0.9659160672131587</rad>
      </EndPtInfo>
    </EndPt>
    <JuncPt>
      <null/>
      <JuncPtInfo>
        <nComp>2</nComp>
        <nTangent>2</nTangent>
        <pos>
          <x>1.0644135529939713</x>
          <y>-0.3175502736898501</y>
          <z>0.6976070625360076</z>
        </pos>
        <rad>0.7505011380213362</rad>
        <comp>
          <int>0</int>
          <int>1</int>
          <int>2</int>
        </comp>
        <uNdx>
          <int>0</int>
          <int>51</int>
          <int>1</int>
        </uNdx>
        <tangent>
          <null/>
          <javax.vecmath.Vector3d>
            <x>0.818174480062726</x>
            <y>-0.21429978879947326</y>
            <z>0.5335411143432057</z>
          </javax.vecmath.Vector3d>
          <javax.vecmath.Vector3d>
            <x>0.8121971236005311</x>
            <y>0.10518039262883701</y>
            <z>-0.5738230715311708</z>
          </javax.vecmath.Vector3d>
        </tangent>
        <tangentOwner>
          <int>0</int>
          <int>1</int>
          <int>2</int>
        </tangentOwner>
      </JuncPtInfo>
    </JuncPt>
    <Tube>
      <null/>
      <AllenTubeInfo>
        <branchUsed>false</branchUsed>
        <connectType>0</connectType>
        <radInfo>
          <double-array>
            <double>0.0</double>
            <double>0.19651982766533105</double>
          </double-array>
          <double-array>
            <double>0.4</double>
            <double>0.8656931876568023</double>
          </double-array>
          <double-array>
            <double>1.0</double>
            <double>0.7505011380213362</double>
          </double-array>
        </radInfo>
        <mAxis__rad>22.903250024551795</mAxis__rad>
        <mAxis__arcLen>2.6236923955867377</mAxis__arcLen>
        <mAxis__branchPt>21</mAxis__branchPt>
        <transRotHis__alignedPt>26</transRotHis__alignedPt>
        <transRotHis__rotCenter>1</transRotHis__rotCenter>
        <transRotHis__finalPos>
          <x>0.0</x>
          <y>0.0</y>
          <z>0.0</z>
        </transRotHis__finalPos>
        <transRotHis__finalTangent>
          <x>0.7874954370745345</x>
          <y>-0.32420593012472887</y>
          <z>0.52415784975401</z>
        </transRotHis__finalTangent>
        <transRotHis__devAngle>2.883115241348736</transRotHis__devAngle>
        <curvatureNormal>
          <x>-0.31355150027861256</x>
          <y>-0.9429257298008042</y>
          <z>-0.11214510579000789</z>
        </curvatureNormal>
      </AllenTubeInfo>
      <AllenTubeInfo>
        <branchUsed>false</branchUsed>
        <connectType>1</connectType>
        <radInfo>
          <double-array>
            <double>0.0</double>
            <double>0.7505011380213362</double>
          </double-array>
          <double-array>
            <double>0.54</double>
            <double>0.6439710266615704</double>
          </double-array>
          <double-array>
            <double>1.0</double>
            <double>0.9659160672131587</double>
          </double-array>
        </radInfo>
        <mAxis__rad>1.9537875424268378</mAxis__rad>
        <mAxis__arcLen>4.445836928300375</mAxis__arcLen>
        <mAxis__branchPt>28</mAxis__branchPt>
        <transRotHis__alignedPt>1</transRotHis__alignedPt>
        <transRotHis__rotCenter>1</transRotHis__rotCenter>
        <transRotHis__finalPos>
          <x>1.0644135529939713</x>
          <y>-0.3175502736898501</y>
          <z>0.6976070625360076</z>
        </transRotHis__finalPos>
        <transRotHis__finalTangent>
          <x>0.8121971236005311</x>
          <y>0.10518039262883701</y>
          <z>-0.5738230715311708</z>
        </transRotHis__finalTangent>
        <transRotHis__devAngle>3.593410530687492</transRotHis__devAngle>
        <curvatureNormal>
          <x>-0.05886268698461952</x>
          <y>-0.963818069085439</y>
          <z>-0.2599806027098314</z>
        </curvatureNormal>
      </AllenTubeInfo>
    </Tube>
    <specialEndComp>
      <int>1</int>
    </specialEndComp>
    <specialEnd>
      <int>1</int>
      <int>1</int>
      <int>1</int>
      <int>1</int>
      <int>1</int>
      <int>1</int>
      <int>1</int>
      <int>1</int>
      <int>1</int>
      <int>1</int>
      <int>1</int>
    </specialEnd>
    <baseComp>2</baseComp>
  </mAxis>
  <animation>false</animation>
  <compPosTanStr>1,1,1,0.0,2.6236923955867377,22.903250024551795
-1.044284956689995,0.38965996599398167,-0.6914506793332458,0.7874954370745346,-0.32420593012472904,0.52415784975401
-1.0029432289530211,0.37270432901321726,-0.6639393828808424,0.7882117503353006,-0.3220447352486724,0.5244134105188147
-0.9615640220409016,0.35586214264605687,-0.6364147483893312,0.7889239261312753,-0.3198818499020616,0.5246662185436085
-0.9201475531605077,0.33913349530016035,-0.608876920340452,0.78963196072412,-0.3177172854382708,0.5249162725013566
-0.8786940397143113,0.3225184747872021,-0.5813260432852014,0.7903358503972343,-0.31555105321948695,0.5251635710794812
-0.8372036992992369,0.3060171683223949,-0.5537622618430731,0.791035591455775,-0.3133831646166515,0.5254081129798676
-0.7956767497055202,0.2896296625240602,-0.5261857207012972,0.7917311802266758,-0.31121363100940014,0.5256498969188714
-0.7541134089155657,0.2733560434131519,-0.4985965646140831,0.7924226130586666,-0.309042463786004,0.5258889216273256
-0.7125138951028003,0.25719639641281233,-0.47099493840185636,0.7931098863222926,-0.3068696743433091,0.5261251858505466
-0.6708784266305283,0.24115080634793173,-0.4433809869505019,0.793792996409933,-0.3046952740866764,0.5263586883483409
-0.6292072220507894,0.22521935744467925,-0.4157548552106016,0.7944719397358204,-0.302519274429923,0.5265894278950121
-0.5875005001032085,0.2094021333300944,-0.3881166881966742,0.7951467127360601,-0.3003416867952612,0.5268174032793671
-0.5457584797138471,0.19369921703162163,-0.3604666309864133,0.7958173118686471,-0.2981625226132387,0.5270426133047222
-0.5039813799940482,0.17811069097668764,-0.33280482871992534,0.7964837336134863,-0.2959817933226793,0.5272650567889096
-0.4621694202393063,0.1626366369922465,-0.30513142659897174,0.797145974472411,-0.29379951037062174,0.5274847325642835
-0.4203228199280886,0.1472771363043961,-0.2774465698862001,0.7978040309691998,-0.29161568521226067,0.5277016394777263
-0.37844179872070693,0.13203226953789837,-0.24975040390438796,0.7984578996495961,-0.28943032931088575,0.527915776390655
-0.3365265764581453,0.11690211671580641,-0.22204307403567425,0.7991075770813263,-0.28724345413782193,0.5281271421790265
-0.2945773731609238,0.10188675725898833,-0.19432472572080306,0.7997530598541167,-0.285055071172369,0.5283357357333434
-0.2525944090279295,0.08698626998577197,-0.16659550445835236,0.8003943445797131,-0.28286519190174175,0.5285415559586615
-0.21057790443526736,0.07220073311147956,-0.1388555558039768,0.8010314278918964,-0.2806738278210087,0.5287446017745928
-0.16852807993510677,0.05753022424804044,-0.11110502536964073,0.8016643064465023,-0.2784809904330332,0.528944872115314
-0.1264451562545128,0.04297482040359313,-0.0833440588228529,0.8022929769214378,-0.27628669124841154,0.5291423659295698
-0.08432935429429467,0.028534597982062593,-0.05557280188590352,0.8029174360166988,-0.2740909417854136,0.5293370821806798
-0.04218089512785106,0.014209632782762327,-0.02779140033510019,0.8035376804543876,-0.27189375356992207,0.5295290198465438
0.0,0.0,0.0,0.8041537069787301,-0.2696951381353717,0.5297181779196463
0.042213109674181126,-0.014094225777306235,0.02780125323735505,0.8047655123560922,-0.2674951070226892,0.5299045554070626
0.08445821231050754,-0.02807297056604341,0.05561221344320111,0.8053730933749985,-0.2652936717802323,0.530088151330464
0.12673508615686124,-0.041936160989280324,0.08343273463282164,0.8059764468461466,-0.263090843963729,0.5302689647261226
0.16904350929435275,-0.05568372427663704,0.11126267077131424,0.8065755696024264,-0.26088663513621796,0.5304469946449164
0.2113832596384877,-0.06931558826468276,0.1391018757743554,0.8071704584989348,-0.258681056867986,0.5306222401523344
0.2537541149403202,-0.08283168139733377,0.16695020350896494,0.8077611104129937,-0.2564741207365091,0.5307947003284817
0.29615585278763756,-0.0962319327261838,0.19480750779427924,0.8083475222441647,-0.2542658383263906,0.5309643742680836
0.3385882506061131,-0.10951627191092328,0.22267364240231258,0.8089296909142677,-0.2520562212293009,0.5311312610804915
0.3810510856604865,-0.12268462921965906,0.2505484610587293,0.8095076133673947,-0.24984528104391635,0.5312953598896866
0.4235441350557201,-0.13573693552933008,0.27843181744360845,0.810081286569927,-0.24763302937585807,0.5314566698342845
0.46606717573818357,-0.14867312232604135,0.3063235651922136,0.8106507075105511,-0.2454194778376319,0.5316151900675407
0.5086199844968085,-0.1614931217054263,0.33422355789575997,0.8112158732002747,-0.24320463804856668,0.5317709197573537
0.5512023379642759,-0.17419686637301268,0.3621316491021842,0.8117767806724413,-0.24098852163475365,0.531923858086271
0.5938140126181757,-0.18678428964456373,0.39004769231691117,0.8123334269827474,-0.238771140228985,0.5320740042514913
0.6364547847821922,-0.19925532544643332,0.4179715410036269,0.8128858092092566,-0.2365525054706934,0.532221357464871
0.6791244306272604,-0.2116099083159355,0.44590304858504104,0.8134339244524157,-0.23433262900589052,0.5323659169529262
0.7218227261727634,-0.22384797340163587,0.4738420684436644,0.8139777698350692,-0.23211152248710565,0.5325076819568386
0.764549447287693,-0.23596945646374223,0.5017884539225714,0.8145173425024754,-0.22988919757332532,0.532646651732458
0.8073043696918305,-0.24797429387441028,0.5297420583261756,0.8150526396223206,-0.22766566592993143,0.5327828255503072
0.8500872689569199,-0.25986242261810233,0.5577027349209946,0.815583658384734,-0.2254409392286401,0.5329162026955854
0.8928979205078555,-0.2716337802919,0.5856703369364249,0.8161103960023035,-0.22321502914744085,0.5330467824681724
0.935736099623852,-0.28328830510583103,0.6136447175655095,0.8166328497100883,-0.22098794737053468,0.5331745641826311
0.9786015814396241,-0.2948259358832104,0.6416257299657084,0.8171510167656356,-0.21875970558827285,0.5332995471682127
1.0214941409465765,-0.30624661206094217,0.6696132272596715,0.8176648944489936,-0.21653031549709634,0.5334217307688587
1.0644135529939713,-0.3175502736898501,0.6976070625360076,0.818174480062726,-0.21429978879947326,0.5335411143432057
2,2,2,0.0,4.445836928300375,1.9537875424268378
1.0644135529939713,-0.3175502736898501,0.6976070625360078,0.8121971236005315,0.10518039262883713,-0.5738230715311712
1.1367256219731134,-0.30625145021252087,0.6471281245322527,0.8140340884034487,0.14891964429662194,-0.5614013203224008
1.209126099705656,-0.2910765162777631,0.5978055727108149,0.8141853542821207,0.19235051368930814,-0.5478170212360673
1.2814650595372148,-0.27205689608534156,0.5497415440383535,0.8126506079956985,0.23538306431546685,-0.5330983045908919
1.3535927022044594,-0.24923197539778785,0.503035569336221,0.8094330276913886,0.2779281845207692,-0.5172756498534821
1.425359666038898,-0.2226490199804998,0.45778436717239,0.8045392763231566,0.31989777202008507,-0.5003818225215602
1.4966173362644977,-0.19236307772396355,0.4140816435769832,0.7979794878541064,0.36120491633938545,-0.4824518062732863
1.5672181527486353,-0.15843686465077456,0.3720178979961539,0.7897672462711041,0.4017640787896471,-0.4635227305231798
1.6370159155691053,-0.12094063504351871,0.3316802358861559,0.7799195574551063,0.441491269600067,-0.4436337935346595
1.7058660877644003,-0.07995203596245037,0.29315218833566625,0.7684568139654422,0.48030422184378513,-0.42282618124841664
1.7736260946403428,-0.03555594645423632,0.2565135390899047,0.7554027528109721,0.5181225617959461,-0.40114298199471504
1.8401556190132613,0.01215569821527751,0.22184015933473322,0.7407844062955748,0.5548679753713264,-0.37862909726622807
1.9053168917783194,0.06308409694029082,0.1892038505828726,0.7246320460397464,0.5904643702968662,-0.3553311487361852
1.9689749772012917,0.11712378737203188,0.15867219598758053,0.7069791202942362,0.6248380336832797,-0.33129738171437617
2.03099805234301,0.17416286430981476,0.13030842039169954,0.6878621846755263,0.6579177846694485,-0.30657756524093216
2.091257680037839,0.2340832114339375,0.10417125940186978,0.6673208264665895,0.6896351218234958,-0.2812228890247742
2.1496290748609086,0.29676074590054125,0.08031483775904835,0.645397582639684,0.7199243649953124,-0.25528585744014265
2.2059913615333304,0.3620656752919258,0.05878855725717802,0.6221378517709397,0.7487227913267798,-0.22882018080072475
2.2602278252303014,0.42986276639022813,0.039636994442135975,0.597589800029148,0.7759707651380422,-0.2018806641365266
2.312226153273752,0.5000116252179025,0.022899808302768943,0.5718042614334271,0.8016118614208658,-0.1745230937038079
2.3618786677090435,0.5723669877650646,0.008611658145207812,0.5448346325863171,0.8255929826833441,-0.1468041214631019
2.409082548284098,0.6467790208016972,-0.0031978681795061803,0.5167367621002807,0.8478644689039981,-0.11878114776453277
2.453740045369214,0.7230936321517762,-0.012504315545839084,0.4875688349465942,0.8683802003675754,-0.0905122024833726
2.495758682376656,0.8011527897868032,-0.01928841219534938,0.45739125196611463,0.8870976931695916,-0.0620558248519821
2.535051447260847,0.8807948490779745,-0.02353610964458186,0.42626650479142936,0.9039781871918525,-0.033470942236971994
2.5715369727026056,0.9618548875293116,-0.025238611776611908,0.39425904643940524,0.9189867263667693,-0.004816748112620672
2.605139704604303,1.0441650462985828,-0.024392393056021255,0.36143515784210667,0.9320922310642593,0.023847420516763515
2.635790058547026,1.1275548777988034,-0.0209992058295545,0.32786281059247596,0.9432675624513371,0.05246220599170297
2.663424563885741,1.2118516986604964,-0.015066076697375141,0.2936115261889975,0.9524895786911113,0.08096835291518152
2.6879859951840874,1.2968809473238125,-0.00660529196240045,0.25875223207082354,0.9597391828648215,0.10930683085851355
2.709423490716608,1.382466545519987,0.004365627812128459,0.22335711474148207,0.9650013625176692,0.13741895660134745
2.72769265779303,1.4684312628936023,0.017823964084168864,0.1874994702853215,0.9682652207465557,0.16524651565267057
2.7427556646864937,1.5545970840105814,0.03374184737835151,0.1512535525862351,0.9695239987653519,0.19273188280117387
2.7545813189753554,1.640785576991926,0.05208631499799532,0.11469441956298082,0.9687750899009686,0.21981814144533587
2.7631451321363514,1.726818263009818,0.07281937928413829,0.07789777773950748,0.9660200449912453,0.2464492014561202
2.7684293702553386,1.8125169858809533,0.09589810628025486,0.040939825472150915,0.9612645691734812,0.27256991532821806
2.770423090750624,1.8977042809917357,0.12127470463973378,0.0038970951583458813,0.9545185100702568,0.2981261923793084
2.7691221650328255,1.9822037427913735,0.14889662459203956,-0.033153705246392606,0.9457958373970116,0.32306511076085115
2.764529287054339,2.0658403900918714,0.17870666676258384,-0.0701358510750329,0.9351146140336075,0.34733502704846586
2.7566539677307125,2.1484410284184685,0.21064310062099434,-0.10697275983019883,0.922496958619779,0.3708856831849528
2.7455125152454745,2.229834608660135,0.24463979231247723,-0.14358814977093393,0.907968999751933,0.3936683105545005
2.731128001279204,2.3098525812774717,0.2806263416075727,-0.17990619787666295,0.8915608218761439,0.41563573097256445
2.7135302132327785,2.388329245334508,0.3185282276867003,-0.21585169686123618,0.8733064029893878,0.43674245438228526
2.692755592543728,2.4651020916316133,0.35826696345761055,-0.2513502109119119,0.8532435442780254,0.4569447730551377
2.668847159223431,2.540012139228973,0.3997602580861801,-0.28632822983077555,0.83141379183924,0.4762008521007417
2.6418544227714316,2.6129042646637632,0.44292218740398015,-0.32071332125939905,0.8078623506475242,0.4944708160984052
2.61183327965134,2.68362752317927,0.4876633718397416,-0.3544342806715142,0.7826379909443789,0.5117168316710066
2.578845897540633,2.752035461300758,0.5338911615062589,-0.3874212788230932,0.7557929472450688,0.5279031858302168
2.5429605865940434,2.817986420110816,0.5815098280594477,-0.41960600635450435,0.7273828101715705,0.5429963599308318
2.504251657987135,2.881343828596135,0.6304207629322631,-0.4509218152452894,0.6974664113357112,0.5569650990810633
2.462799270032985,2.941976486458291,0.6805226815329746,-0.4813038568286529,0.6661057015108715,0.5697804768650594
</compPosTanStr>
</AllenMStickSpec>